[LOGGER] 2025-01-24 22:58:40.807 PM error : uncaughtException: Cannot read properties of undefined (reading 'file')
TypeError: Cannot read properties of undefined (reading 'file')
    at createProduct (file:///Applications/XAMPP/xamppfiles/htdocs/POS_APP/backend/src/controllers/product.controller.js:23:36)
    at Layer.handle [as handle_request] (/Applications/XAMPP/xamppfiles/htdocs/POS_APP/backend/node_modules/express/lib/router/layer.js:95:5)
    at next (/Applications/XAMPP/xamppfiles/htdocs/POS_APP/backend/node_modules/express/lib/router/route.js:149:13)
    at autenticate (file:///Applications/XAMPP/xamppfiles/htdocs/POS_APP/backend/src/controllers/error.controller.js:24:5)
    at Layer.handle [as handle_request] (/Applications/XAMPP/xamppfiles/htdocs/POS_APP/backend/node_modules/express/lib/router/layer.js:95:5)
    at next (/Applications/XAMPP/xamppfiles/htdocs/POS_APP/backend/node_modules/express/lib/router/route.js:149:13)
    at Route.dispatch (/Applications/XAMPP/xamppfiles/htdocs/POS_APP/backend/node_modules/express/lib/router/route.js:119:3)
    at Layer.handle [as handle_request] (/Applications/XAMPP/xamppfiles/htdocs/POS_APP/backend/node_modules/express/lib/router/layer.js:95:5)
    at /Applications/XAMPP/xamppfiles/htdocs/POS_APP/backend/node_modules/express/lib/router/index.js:284:15
    at Function.process_params (/Applications/XAMPP/xamppfiles/htdocs/POS_APP/backend/node_modules/express/lib/router/index.js:346:12)
    at next (/Applications/XAMPP/xamppfiles/htdocs/POS_APP/backend/node_modules/express/lib/router/index.js:280:10)
    at Function.handle (/Applications/XAMPP/xamppfiles/htdocs/POS_APP/backend/node_modules/express/lib/router/index.js:175:3)
    at router (/Applications/XAMPP/xamppfiles/htdocs/POS_APP/backend/node_modules/express/lib/router/index.js:47:12)
    at Layer.handle [as handle_request] (/Applications/XAMPP/xamppfiles/htdocs/POS_APP/backend/node_modules/express/lib/router/layer.js:95:5)
    at trim_prefix (/Applications/XAMPP/xamppfiles/htdocs/POS_APP/backend/node_modules/express/lib/router/index.js:328:13)
    at /Applications/XAMPP/xamppfiles/htdocs/POS_APP/backend/node_modules/express/lib/router/index.js:286:9
[LOGGER] 2025-01-24 22:59:06.742 PM error : uncaughtException: Cannot read properties of undefined (reading 'file')
TypeError: Cannot read properties of undefined (reading 'file')
    at createProduct (file:///Applications/XAMPP/xamppfiles/htdocs/POS_APP/backend/src/controllers/product.controller.js:23:36)
    at Layer.handle [as handle_request] (/Applications/XAMPP/xamppfiles/htdocs/POS_APP/backend/node_modules/express/lib/router/layer.js:95:5)
    at next (/Applications/XAMPP/xamppfiles/htdocs/POS_APP/backend/node_modules/express/lib/router/route.js:149:13)
    at autenticate (file:///Applications/XAMPP/xamppfiles/htdocs/POS_APP/backend/src/controllers/error.controller.js:24:5)
    at Layer.handle [as handle_request] (/Applications/XAMPP/xamppfiles/htdocs/POS_APP/backend/node_modules/express/lib/router/layer.js:95:5)
    at next (/Applications/XAMPP/xamppfiles/htdocs/POS_APP/backend/node_modules/express/lib/router/route.js:149:13)
    at Route.dispatch (/Applications/XAMPP/xamppfiles/htdocs/POS_APP/backend/node_modules/express/lib/router/route.js:119:3)
    at Layer.handle [as handle_request] (/Applications/XAMPP/xamppfiles/htdocs/POS_APP/backend/node_modules/express/lib/router/layer.js:95:5)
    at /Applications/XAMPP/xamppfiles/htdocs/POS_APP/backend/node_modules/express/lib/router/index.js:284:15
    at Function.process_params (/Applications/XAMPP/xamppfiles/htdocs/POS_APP/backend/node_modules/express/lib/router/index.js:346:12)
    at next (/Applications/XAMPP/xamppfiles/htdocs/POS_APP/backend/node_modules/express/lib/router/index.js:280:10)
    at Function.handle (/Applications/XAMPP/xamppfiles/htdocs/POS_APP/backend/node_modules/express/lib/router/index.js:175:3)
    at router (/Applications/XAMPP/xamppfiles/htdocs/POS_APP/backend/node_modules/express/lib/router/index.js:47:12)
    at Layer.handle [as handle_request] (/Applications/XAMPP/xamppfiles/htdocs/POS_APP/backend/node_modules/express/lib/router/layer.js:95:5)
    at trim_prefix (/Applications/XAMPP/xamppfiles/htdocs/POS_APP/backend/node_modules/express/lib/router/index.js:328:13)
    at /Applications/XAMPP/xamppfiles/htdocs/POS_APP/backend/node_modules/express/lib/router/index.js:286:9
[LOGGER] 2025-01-24 23:03:41.845 PM error : uncaughtException: 
Invalid `prisma.product.create()` invocation:

{
  data: {
    code: "PRD-193950572003",
    barcode: "123456780",
    productName: "Sample Product new",
    image: "8f5448b09a01f59298e697114d3efee7.png",
    url: "http://localhost:3000/images/8f5448b09a01f59298e697114d3efee7.png",
    qty: 100,
    price: 25000,
    categoryId: undefined,
    supplierId: 5,
+   category: {
+     create: CategoryCreateWithoutProductInput | CategoryUncheckedCreateWithoutProductInput,
+     connectOrCreate: CategoryCreateOrConnectWithoutProductInput,
+     connect: CategoryWhereUniqueInput
+   }
  }
}

Argument `category` is missing.
PrismaClientValidationError: 
Invalid `prisma.product.create()` invocation:

{
  data: {
    code: "PRD-193950572003",
    barcode: "123456780",
    productName: "Sample Product new",
    image: "8f5448b09a01f59298e697114d3efee7.png",
    url: "http://localhost:3000/images/8f5448b09a01f59298e697114d3efee7.png",
    qty: 100,
    price: 25000,
    categoryId: undefined,
    supplierId: 5,
+   category: {
+     create: CategoryCreateWithoutProductInput | CategoryUncheckedCreateWithoutProductInput,
+     connectOrCreate: CategoryCreateOrConnectWithoutProductInput,
+     connect: CategoryWhereUniqueInput
+   }
  }
}

Argument `category` is missing.
    at wn (/Applications/XAMPP/xamppfiles/htdocs/POS_APP/backend/node_modules/@prisma/client/runtime/library.js:29:1363)
    at Vn.handleRequestError (/Applications/XAMPP/xamppfiles/htdocs/POS_APP/backend/node_modules/@prisma/client/runtime/library.js:121:6982)
    at Vn.handleAndLogRequestError (/Applications/XAMPP/xamppfiles/htdocs/POS_APP/backend/node_modules/@prisma/client/runtime/library.js:121:6663)
    at Vn.request (/Applications/XAMPP/xamppfiles/htdocs/POS_APP/backend/node_modules/@prisma/client/runtime/library.js:121:6370)
    at async l (/Applications/XAMPP/xamppfiles/htdocs/POS_APP/backend/node_modules/@prisma/client/runtime/library.js:130:9617)
    at async file:///Applications/XAMPP/xamppfiles/htdocs/POS_APP/backend/src/controllers/product.controller.js:54:22
[LOGGER] 2025-01-24 23:03:51.014 PM error : uncaughtException: 
Invalid `prisma.product.create()` invocation:

{
  data: {
    code: "PRD-1527561549585",
    barcode: "123456780",
    productName: "Sample Product new",
    image: "8f5448b09a01f59298e697114d3efee7.png",
    url: "http://localhost:3000/images/8f5448b09a01f59298e697114d3efee7.png",
    qty: 100,
    price: 25000,
    categoryId: undefined,
    supplierId: 5,
+   category: {
+     create: CategoryCreateWithoutProductInput | CategoryUncheckedCreateWithoutProductInput,
+     connectOrCreate: CategoryCreateOrConnectWithoutProductInput,
+     connect: CategoryWhereUniqueInput
+   }
  }
}

Argument `category` is missing.
PrismaClientValidationError: 
Invalid `prisma.product.create()` invocation:

{
  data: {
    code: "PRD-1527561549585",
    barcode: "123456780",
    productName: "Sample Product new",
    image: "8f5448b09a01f59298e697114d3efee7.png",
    url: "http://localhost:3000/images/8f5448b09a01f59298e697114d3efee7.png",
    qty: 100,
    price: 25000,
    categoryId: undefined,
    supplierId: 5,
+   category: {
+     create: CategoryCreateWithoutProductInput | CategoryUncheckedCreateWithoutProductInput,
+     connectOrCreate: CategoryCreateOrConnectWithoutProductInput,
+     connect: CategoryWhereUniqueInput
+   }
  }
}

Argument `category` is missing.
    at wn (/Applications/XAMPP/xamppfiles/htdocs/POS_APP/backend/node_modules/@prisma/client/runtime/library.js:29:1363)
    at Vn.handleRequestError (/Applications/XAMPP/xamppfiles/htdocs/POS_APP/backend/node_modules/@prisma/client/runtime/library.js:121:6982)
    at Vn.handleAndLogRequestError (/Applications/XAMPP/xamppfiles/htdocs/POS_APP/backend/node_modules/@prisma/client/runtime/library.js:121:6663)
    at Vn.request (/Applications/XAMPP/xamppfiles/htdocs/POS_APP/backend/node_modules/@prisma/client/runtime/library.js:121:6370)
    at async l (/Applications/XAMPP/xamppfiles/htdocs/POS_APP/backend/node_modules/@prisma/client/runtime/library.js:130:9617)
    at async file:///Applications/XAMPP/xamppfiles/htdocs/POS_APP/backend/src/controllers/product.controller.js:54:22
[LOGGER] 2025-01-24 23:13:28.601 PM error : controllers/user.controller.js : createUser : 
Invalid `prisma.user.create()` invocation:


Unique constraint failed on the constraint: `User_userName_key`
[LOGGER] 2025-01-24 23:13:29.807 PM error : controllers/user.controller.js : createUser : 
Invalid `prisma.user.create()` invocation:


Unique constraint failed on the constraint: `User_userName_key`
[LOGGER] 2025-01-24 23:16:22.326 PM error : uncaughtException: Cannot read properties of undefined (reading 'file')
TypeError: Cannot read properties of undefined (reading 'file')
    at createProduct (file:///Applications/XAMPP/xamppfiles/htdocs/POS_APP/backend/src/controllers/product.controller.js:23:36)
    at Layer.handle [as handle_request] (/Applications/XAMPP/xamppfiles/htdocs/POS_APP/backend/node_modules/express/lib/router/layer.js:95:5)
    at next (/Applications/XAMPP/xamppfiles/htdocs/POS_APP/backend/node_modules/express/lib/router/route.js:149:13)
    at autenticate (file:///Applications/XAMPP/xamppfiles/htdocs/POS_APP/backend/src/controllers/error.controller.js:24:5)
    at Layer.handle [as handle_request] (/Applications/XAMPP/xamppfiles/htdocs/POS_APP/backend/node_modules/express/lib/router/layer.js:95:5)
    at next (/Applications/XAMPP/xamppfiles/htdocs/POS_APP/backend/node_modules/express/lib/router/route.js:149:13)
    at Route.dispatch (/Applications/XAMPP/xamppfiles/htdocs/POS_APP/backend/node_modules/express/lib/router/route.js:119:3)
    at Layer.handle [as handle_request] (/Applications/XAMPP/xamppfiles/htdocs/POS_APP/backend/node_modules/express/lib/router/layer.js:95:5)
    at /Applications/XAMPP/xamppfiles/htdocs/POS_APP/backend/node_modules/express/lib/router/index.js:284:15
    at Function.process_params (/Applications/XAMPP/xamppfiles/htdocs/POS_APP/backend/node_modules/express/lib/router/index.js:346:12)
    at next (/Applications/XAMPP/xamppfiles/htdocs/POS_APP/backend/node_modules/express/lib/router/index.js:280:10)
    at Function.handle (/Applications/XAMPP/xamppfiles/htdocs/POS_APP/backend/node_modules/express/lib/router/index.js:175:3)
    at router (/Applications/XAMPP/xamppfiles/htdocs/POS_APP/backend/node_modules/express/lib/router/index.js:47:12)
    at Layer.handle [as handle_request] (/Applications/XAMPP/xamppfiles/htdocs/POS_APP/backend/node_modules/express/lib/router/layer.js:95:5)
    at trim_prefix (/Applications/XAMPP/xamppfiles/htdocs/POS_APP/backend/node_modules/express/lib/router/index.js:328:13)
    at /Applications/XAMPP/xamppfiles/htdocs/POS_APP/backend/node_modules/express/lib/router/index.js:286:9
[LOGGER] 2025-01-24 23:19:05.847 PM error : uncaughtException: Cannot read properties of undefined (reading 'file')
TypeError: Cannot read properties of undefined (reading 'file')
    at createProduct (file:///Applications/XAMPP/xamppfiles/htdocs/POS_APP/backend/src/controllers/product.controller.js:23:36)
    at Layer.handle [as handle_request] (/Applications/XAMPP/xamppfiles/htdocs/POS_APP/backend/node_modules/express/lib/router/layer.js:95:5)
    at next (/Applications/XAMPP/xamppfiles/htdocs/POS_APP/backend/node_modules/express/lib/router/route.js:149:13)
    at autenticate (file:///Applications/XAMPP/xamppfiles/htdocs/POS_APP/backend/src/controllers/error.controller.js:24:5)
    at Layer.handle [as handle_request] (/Applications/XAMPP/xamppfiles/htdocs/POS_APP/backend/node_modules/express/lib/router/layer.js:95:5)
    at next (/Applications/XAMPP/xamppfiles/htdocs/POS_APP/backend/node_modules/express/lib/router/route.js:149:13)
    at Route.dispatch (/Applications/XAMPP/xamppfiles/htdocs/POS_APP/backend/node_modules/express/lib/router/route.js:119:3)
    at Layer.handle [as handle_request] (/Applications/XAMPP/xamppfiles/htdocs/POS_APP/backend/node_modules/express/lib/router/layer.js:95:5)
    at /Applications/XAMPP/xamppfiles/htdocs/POS_APP/backend/node_modules/express/lib/router/index.js:284:15
    at Function.process_params (/Applications/XAMPP/xamppfiles/htdocs/POS_APP/backend/node_modules/express/lib/router/index.js:346:12)
    at next (/Applications/XAMPP/xamppfiles/htdocs/POS_APP/backend/node_modules/express/lib/router/index.js:280:10)
    at Function.handle (/Applications/XAMPP/xamppfiles/htdocs/POS_APP/backend/node_modules/express/lib/router/index.js:175:3)
    at router (/Applications/XAMPP/xamppfiles/htdocs/POS_APP/backend/node_modules/express/lib/router/index.js:47:12)
    at Layer.handle [as handle_request] (/Applications/XAMPP/xamppfiles/htdocs/POS_APP/backend/node_modules/express/lib/router/layer.js:95:5)
    at trim_prefix (/Applications/XAMPP/xamppfiles/htdocs/POS_APP/backend/node_modules/express/lib/router/index.js:328:13)
    at /Applications/XAMPP/xamppfiles/htdocs/POS_APP/backend/node_modules/express/lib/router/index.js:286:9
[LOGGER] 2025-01-24 23:27:56.792 PM error : uncaughtException: Cannot read properties of undefined (reading 'file')
TypeError: Cannot read properties of undefined (reading 'file')
    at createProduct (file:///Applications/XAMPP/xamppfiles/htdocs/POS_APP/backend/src/controllers/product.controller.js:30:25)
    at Layer.handle [as handle_request] (/Applications/XAMPP/xamppfiles/htdocs/POS_APP/backend/node_modules/express/lib/router/layer.js:95:5)
    at next (/Applications/XAMPP/xamppfiles/htdocs/POS_APP/backend/node_modules/express/lib/router/route.js:149:13)
    at autenticate (file:///Applications/XAMPP/xamppfiles/htdocs/POS_APP/backend/src/controllers/error.controller.js:24:5)
    at Layer.handle [as handle_request] (/Applications/XAMPP/xamppfiles/htdocs/POS_APP/backend/node_modules/express/lib/router/layer.js:95:5)
    at next (/Applications/XAMPP/xamppfiles/htdocs/POS_APP/backend/node_modules/express/lib/router/route.js:149:13)
    at Route.dispatch (/Applications/XAMPP/xamppfiles/htdocs/POS_APP/backend/node_modules/express/lib/router/route.js:119:3)
    at Layer.handle [as handle_request] (/Applications/XAMPP/xamppfiles/htdocs/POS_APP/backend/node_modules/express/lib/router/layer.js:95:5)
    at /Applications/XAMPP/xamppfiles/htdocs/POS_APP/backend/node_modules/express/lib/router/index.js:284:15
    at Function.process_params (/Applications/XAMPP/xamppfiles/htdocs/POS_APP/backend/node_modules/express/lib/router/index.js:346:12)
    at next (/Applications/XAMPP/xamppfiles/htdocs/POS_APP/backend/node_modules/express/lib/router/index.js:280:10)
    at Function.handle (/Applications/XAMPP/xamppfiles/htdocs/POS_APP/backend/node_modules/express/lib/router/index.js:175:3)
    at router (/Applications/XAMPP/xamppfiles/htdocs/POS_APP/backend/node_modules/express/lib/router/index.js:47:12)
    at Layer.handle [as handle_request] (/Applications/XAMPP/xamppfiles/htdocs/POS_APP/backend/node_modules/express/lib/router/layer.js:95:5)
    at trim_prefix (/Applications/XAMPP/xamppfiles/htdocs/POS_APP/backend/node_modules/express/lib/router/index.js:328:13)
    at /Applications/XAMPP/xamppfiles/htdocs/POS_APP/backend/node_modules/express/lib/router/index.js:286:9
[LOGGER] 2025-01-24 23:28:20.714 PM error : uncaughtException: Cannot read properties of undefined (reading 'file')
TypeError: Cannot read properties of undefined (reading 'file')
    at createProduct (file:///Applications/XAMPP/xamppfiles/htdocs/POS_APP/backend/src/controllers/product.controller.js:30:25)
    at Layer.handle [as handle_request] (/Applications/XAMPP/xamppfiles/htdocs/POS_APP/backend/node_modules/express/lib/router/layer.js:95:5)
    at next (/Applications/XAMPP/xamppfiles/htdocs/POS_APP/backend/node_modules/express/lib/router/route.js:149:13)
    at autenticate (file:///Applications/XAMPP/xamppfiles/htdocs/POS_APP/backend/src/controllers/error.controller.js:24:5)
    at Layer.handle [as handle_request] (/Applications/XAMPP/xamppfiles/htdocs/POS_APP/backend/node_modules/express/lib/router/layer.js:95:5)
    at next (/Applications/XAMPP/xamppfiles/htdocs/POS_APP/backend/node_modules/express/lib/router/route.js:149:13)
    at Route.dispatch (/Applications/XAMPP/xamppfiles/htdocs/POS_APP/backend/node_modules/express/lib/router/route.js:119:3)
    at Layer.handle [as handle_request] (/Applications/XAMPP/xamppfiles/htdocs/POS_APP/backend/node_modules/express/lib/router/layer.js:95:5)
    at /Applications/XAMPP/xamppfiles/htdocs/POS_APP/backend/node_modules/express/lib/router/index.js:284:15
    at Function.process_params (/Applications/XAMPP/xamppfiles/htdocs/POS_APP/backend/node_modules/express/lib/router/index.js:346:12)
    at next (/Applications/XAMPP/xamppfiles/htdocs/POS_APP/backend/node_modules/express/lib/router/index.js:280:10)
    at Function.handle (/Applications/XAMPP/xamppfiles/htdocs/POS_APP/backend/node_modules/express/lib/router/index.js:175:3)
    at router (/Applications/XAMPP/xamppfiles/htdocs/POS_APP/backend/node_modules/express/lib/router/index.js:47:12)
    at Layer.handle [as handle_request] (/Applications/XAMPP/xamppfiles/htdocs/POS_APP/backend/node_modules/express/lib/router/layer.js:95:5)
    at trim_prefix (/Applications/XAMPP/xamppfiles/htdocs/POS_APP/backend/node_modules/express/lib/router/index.js:328:13)
    at /Applications/XAMPP/xamppfiles/htdocs/POS_APP/backend/node_modules/express/lib/router/index.js:286:9
[LOGGER] 2025-01-24 23:31:32.124 PM error : uncaughtException: The "path" argument must be of type string. Received undefined
TypeError [ERR_INVALID_ARG_TYPE]: The "path" argument must be of type string. Received undefined
    at new NodeError (node:internal/errors:405:5)
    at validateString (node:internal/validators:162:11)
    at Object.extname (node:path:1385:5)
    at createProduct (file:///Applications/XAMPP/xamppfiles/htdocs/POS_APP/backend/src/controllers/product.controller.js:32:20)
    at Layer.handle [as handle_request] (/Applications/XAMPP/xamppfiles/htdocs/POS_APP/backend/node_modules/express/lib/router/layer.js:95:5)
    at next (/Applications/XAMPP/xamppfiles/htdocs/POS_APP/backend/node_modules/express/lib/router/route.js:149:13)
    at autenticate (file:///Applications/XAMPP/xamppfiles/htdocs/POS_APP/backend/src/controllers/error.controller.js:24:5)
    at Layer.handle [as handle_request] (/Applications/XAMPP/xamppfiles/htdocs/POS_APP/backend/node_modules/express/lib/router/layer.js:95:5)
    at next (/Applications/XAMPP/xamppfiles/htdocs/POS_APP/backend/node_modules/express/lib/router/route.js:149:13)
    at Route.dispatch (/Applications/XAMPP/xamppfiles/htdocs/POS_APP/backend/node_modules/express/lib/router/route.js:119:3)
    at Layer.handle [as handle_request] (/Applications/XAMPP/xamppfiles/htdocs/POS_APP/backend/node_modules/express/lib/router/layer.js:95:5)
    at /Applications/XAMPP/xamppfiles/htdocs/POS_APP/backend/node_modules/express/lib/router/index.js:284:15
    at Function.process_params (/Applications/XAMPP/xamppfiles/htdocs/POS_APP/backend/node_modules/express/lib/router/index.js:346:12)
    at next (/Applications/XAMPP/xamppfiles/htdocs/POS_APP/backend/node_modules/express/lib/router/index.js:280:10)
    at Function.handle (/Applications/XAMPP/xamppfiles/htdocs/POS_APP/backend/node_modules/express/lib/router/index.js:175:3)
    at router (/Applications/XAMPP/xamppfiles/htdocs/POS_APP/backend/node_modules/express/lib/router/index.js:47:12)
[LOGGER] 2025-01-24 23:32:57.248 PM error : uncaughtException: The "path" argument must be of type string. Received undefined
TypeError [ERR_INVALID_ARG_TYPE]: The "path" argument must be of type string. Received undefined
    at new NodeError (node:internal/errors:405:5)
    at validateString (node:internal/validators:162:11)
    at Object.extname (node:path:1385:5)
    at createProduct (file:///Applications/XAMPP/xamppfiles/htdocs/POS_APP/backend/src/controllers/product.controller.js:32:20)
    at Layer.handle [as handle_request] (/Applications/XAMPP/xamppfiles/htdocs/POS_APP/backend/node_modules/express/lib/router/layer.js:95:5)
    at next (/Applications/XAMPP/xamppfiles/htdocs/POS_APP/backend/node_modules/express/lib/router/route.js:149:13)
    at autenticate (file:///Applications/XAMPP/xamppfiles/htdocs/POS_APP/backend/src/controllers/error.controller.js:24:5)
    at Layer.handle [as handle_request] (/Applications/XAMPP/xamppfiles/htdocs/POS_APP/backend/node_modules/express/lib/router/layer.js:95:5)
    at next (/Applications/XAMPP/xamppfiles/htdocs/POS_APP/backend/node_modules/express/lib/router/route.js:149:13)
    at Route.dispatch (/Applications/XAMPP/xamppfiles/htdocs/POS_APP/backend/node_modules/express/lib/router/route.js:119:3)
    at Layer.handle [as handle_request] (/Applications/XAMPP/xamppfiles/htdocs/POS_APP/backend/node_modules/express/lib/router/layer.js:95:5)
    at /Applications/XAMPP/xamppfiles/htdocs/POS_APP/backend/node_modules/express/lib/router/index.js:284:15
    at Function.process_params (/Applications/XAMPP/xamppfiles/htdocs/POS_APP/backend/node_modules/express/lib/router/index.js:346:12)
    at next (/Applications/XAMPP/xamppfiles/htdocs/POS_APP/backend/node_modules/express/lib/router/index.js:280:10)
    at Function.handle (/Applications/XAMPP/xamppfiles/htdocs/POS_APP/backend/node_modules/express/lib/router/index.js:175:3)
    at router (/Applications/XAMPP/xamppfiles/htdocs/POS_APP/backend/node_modules/express/lib/router/index.js:47:12)
[LOGGER] 2025-01-24 23:35:50.288 PM error : uncaughtException: The "path" argument must be of type string. Received undefined
TypeError [ERR_INVALID_ARG_TYPE]: The "path" argument must be of type string. Received undefined
    at new NodeError (node:internal/errors:405:5)
    at validateString (node:internal/validators:162:11)
    at Object.extname (node:path:1385:5)
    at createProduct (file:///Applications/XAMPP/xamppfiles/htdocs/POS_APP/backend/src/controllers/product.controller.js:32:20)
    at Layer.handle [as handle_request] (/Applications/XAMPP/xamppfiles/htdocs/POS_APP/backend/node_modules/express/lib/router/layer.js:95:5)
    at next (/Applications/XAMPP/xamppfiles/htdocs/POS_APP/backend/node_modules/express/lib/router/route.js:149:13)
    at autenticate (file:///Applications/XAMPP/xamppfiles/htdocs/POS_APP/backend/src/controllers/error.controller.js:24:5)
    at Layer.handle [as handle_request] (/Applications/XAMPP/xamppfiles/htdocs/POS_APP/backend/node_modules/express/lib/router/layer.js:95:5)
    at next (/Applications/XAMPP/xamppfiles/htdocs/POS_APP/backend/node_modules/express/lib/router/route.js:149:13)
    at Route.dispatch (/Applications/XAMPP/xamppfiles/htdocs/POS_APP/backend/node_modules/express/lib/router/route.js:119:3)
    at Layer.handle [as handle_request] (/Applications/XAMPP/xamppfiles/htdocs/POS_APP/backend/node_modules/express/lib/router/layer.js:95:5)
    at /Applications/XAMPP/xamppfiles/htdocs/POS_APP/backend/node_modules/express/lib/router/index.js:284:15
    at Function.process_params (/Applications/XAMPP/xamppfiles/htdocs/POS_APP/backend/node_modules/express/lib/router/index.js:346:12)
    at next (/Applications/XAMPP/xamppfiles/htdocs/POS_APP/backend/node_modules/express/lib/router/index.js:280:10)
    at Function.handle (/Applications/XAMPP/xamppfiles/htdocs/POS_APP/backend/node_modules/express/lib/router/index.js:175:3)
    at router (/Applications/XAMPP/xamppfiles/htdocs/POS_APP/backend/node_modules/express/lib/router/index.js:47:12)
